<?xml version="1.0" encoding="UTF-8"?>
<!-- Generated by org.testng.reporters.JUnitReportReporter -->
<testsuite skipped="0" hostname="DESKTOP-VBREMM5" name="AccountFeature" tests="2" failures="0" timestamp="22 Sep 2018 15:47:19 GMT" time="125.985" errors="0">
  <testcase name="logout" time="62.187" classname="AccountFeature"/>
  <testcase name="login" time="63.798" classname="AccountFeature"/>
</testsuite> <!-- AccountFeature -->
